<?xml version="1.0" encoding="UTF-8"?>
<!-- Generated by org.testng.reporters.JUnitReportReporter -->
<testsuite hostname="sanketlaptop-Latitude-3520" failures="0" tests="3" name="multibrowser.TestCase1" time="22.176" errors="0" timestamp="2022-12-14T16:56:12 IST" skipped="0">
  <testcase classname="multibrowser.TestCase1" name="incorrectPhone" time="5.299"/>
  <system-out/>
  <testcase classname="multibrowser.TestCase1" name="successfulLogin" time="9.758"/>
  <system-out/>
  <testcase classname="multibrowser.TestCase1" name="incorrectPassword" time="7.119"/>
  <system-out/>
</testsuite> <!-- multibrowser.TestCase1 -->
